{
  "RSpec": {
    "coverage": {
      "C:/rails/string-calculator/app/helpers/application_helper.rb": [
        1,
        null
      ],
      "C:/rails/string-calculator/lib/calculator.rb": [
        1,
        null,
        1,
        3,
        1,
        null,
        2,
        2,
        null,
        null,
        1,
        1,
        0,
        null,
        1,
        1,
        null,
        null,
        null,
        1,
        3,
        0,
        null,
        3,
        3,
        null,
        null,
        null,
        null
      ],
      "C:/rails/string-calculator/app/channels/application_cable/channel.rb": [
        0,
        0,
        0,
        0
      ],
      "C:/rails/string-calculator/app/channels/application_cable/connection.rb": [
        0,
        0,
        0,
        0
      ],
      "C:/rails/string-calculator/app/controllers/application_controller.rb": [
        0,
        0
      ],
      "C:/rails/string-calculator/app/jobs/application_job.rb": [
        0,
        null,
        null,
        null,
        null,
        null,
        0
      ],
      "C:/rails/string-calculator/app/mailers/application_mailer.rb": [
        0,
        0,
        0,
        0
      ],
      "C:/rails/string-calculator/app/models/application_record.rb": [
        0,
        0,
        0
      ]
    },
    "timestamp": 1715790468
  }
}
